+569985966350
932064167
+56987447611
234234324234
0534041572
0246338676
0552509707
537606982
0558527302
0598422512
0261211719
0207708183
0550090270
0530659574
0536556720
+233256827248
0549898484
0240229628
+233547528846
0555924960
0550746944
0546691653
0594723141
+233559363595
0558661970
0249453900
0595617275
0545783205
0246943822
0554834370
0249528744
0247265793
0246403317
0242602173
0240090412
0534212540
0558135547
0530657601
+233543489138
0247699885
0200293463
0247481105
0248375940
0599393159
0546944829
0540224156
540779274
0543696168
0532472463
0504801683
0532575881
0257391384
0547088713
0546085522
0201622547
0534381450
0245544304
0558278123
0594754418
0257658618
0548394093
0553431312
0595909028
0559602694
0536465603
0248143056
0557160564
0558639972
0593476655
0244893046
0247443444
0538286123
0556376669
0532740810
0242961697
0549373770
0537665003
0551132760
0508487849
0245026488
0244627474
0504538992
0552104453
0275338896
0533238628
0249838981
0553986708
0557772497
0542775525
0531593684
+233530201340
0243488085
0551223798
0274931342
0533207515
0540699775
0506661920
+10546242985
0535774528
0953889977
0559153655
0247788689
0244959323
0532027097
0543882940
0248797370
0531974098
0244706473
0557314238
2342342343234
0532827719
0241574042
0546184650
0246186633
0244916067
0543541111
0554495023
0244156150
0547224267
0246567711
2330547224267
0248196022
0531132915
0243281659
0247989998
0544442118
0533760818
0535928189
0244229504
0243140056
0245081483
+233540666430
0501847945
0542873910
0257878004
0208413321
0244267328
0241443904
0242818462
0243711015
0244020341
0244127987
0247823539
0555807442
0599613318
0557495127
0537945805
0244110486
0532969224
0264900516
+233531995899
0244296021
0544756132
0536609656
0246363782
0544893287
0205816098
0242931866
0543496028
0240906512
0592112668
0552120464
0205745205
0244273764
0549738827
0267086401
0245737404
0538598920
0257837776
0242247121
0550550040
0555326890
0546874859
0531383698
0544799281
0552818608
0247609990
0597629962
0556120300
0244090947
0244889133
0549000159
0536067853
0532096464
0593712225
+233542575166
0593140060
0257928870
0241489982
0599095317
0537594631
0536834383
0205569937
0530526503
0548424380
+233542568638
0244093443
0245429598
0537977842
0543946699
0542977259
0550540444
0249973144
0245548168
0240487786
0535148953
0599887939
0540632496
0554024280
0535339691
0241157043
0247836456
0556102011
0538551405
+38551405

0538123605
+233544959788
+233532051817
0209930162
0597215055
0241418908
0533326027
0599880278
0548915904
0535718556
0599693302
0276156984
0247025076
0548862755
0552864085
0244708866
0544570952
+10240541274
0551877743
0537675494
0598870149
0556722762
+2330548021786
0592790189
0530028031
0543415430
0248061661
0592240391
+233540930009
0241525085
0591246868
0542922705
0246096714
0502371870
0594544409
0244662627
0244197074
0244637201
+0556830523
0550214727
0245366651
0242843561
0592609
0557805823
0592690690
0552878894
551460485
+2550535102780
0531308395
+10549717560
0541257724
0244946865
0595880958
0594908584
0545747234
0598447379
+233243458485
+233543018016
+233535379822
0247076081
0551861354
0545139341
+233243239184
0559583984
0245392944
0551395865
0243179211
0246545831
0277363811
0242238068
0549998023
0531560057
0595733761
0543726011
0533554051
0248129606
0595409559
0532517636
0538734431
+233___0_____
0244376388
0556880278
+233544136307
0549502911
0540667150
0246477245
0536169494
0541567600
0535506513
0245790767
+233536900242
0542112265
0545516605
0594578130
0544148784
+233540712751
0248608528
0546077003
0249573600
+233533458455
0244099629/0206935051
0245454880
0534398254
0546255680
0543506616
0554749939
0244580423
0547634466
0541761109
0533708922
+2330534892157
266676707
0209458606
0557903321
0540486446
0599212629
+233244876299
0551746373
0593042755
0249309231
0277749722
0559171100
0552404581
0537985098
0240359535
0246481260
0240028510
0545224278
0244915545
0244498888
0508926150
0532951106
0533021165
+233547736154
0244691033
+233539532803
0205281475
0559043844
+10208374825
0503773830
0544870186
0599157491
0536427320
0533785445
0549139953
0547855608
0549471777
+233598755096
0543358117
0257098405
233244053899
0262684282
0533803165
0202528163
050983505
0246702194
0244084306
2121
0503531242
0534670275
+233559399595
0542326701
0553882989
0598245663
0240692469
0246555575
0541679821
0241708880
0559996417
0242989491
0559935114
0240504194
0537345442
02015655115
+233553477437
0242776807
0554992949
0500492766
0553784428
0530299949
+233551494621
0553762435
0554677216
0533046144
0553443184
0542493988
0542134045
241789959
0592762967
0241548494
0558296471
0244266877
0558846156
0558328315
+233244123599
0247984567
0536238714
0535995674
0245166070
0595234471
0241228328
0248462105
0244687452
0240156699
0248275875
0243347579
0241067151
0248650211
0531315268
0535850474






0243255276
0245016421
0556036761
+233242586806
0246811776
0550378330
0242151007
+233267114027
0242929909
0543290775
0599619476
0244321148
0543132673
0546722615
0243082694
0555641486
0502826070
0532613035
0264725101
0200127393
0243072861
05368394889
0240733585
0257657050
0268640667
0550338453
0536768070
0257272934
0243882334
0243718549
0244668344
0558504029
0246210431
0553150007
0539085200
233249460698
0549062640
0538718003
0559902266
0248579006
0545461929
0553956991
0273615650
0537712130
0557792815
0240962612
0553718343
0246017777
0554590784
0257092511
+233535914852
0245903351
0249797690
0556985083
0242261452
0257108942
0533205756
0242251988
0532533754
0266343542
0244660446
0243865440
0243191980
+223244720659
0540816850
0530157186
0554162966
0248299965
0544186562
0553576166
0551559497
0593537870
0241758249
0244014632
0555261461
0249190727
0555859755
0544484781
0552722262

0544004150
0551916762
024247518
0242247518
0549675312
0532561280
0545868907
+233244241469
0542183865
0556679643
0247272155
0247366828
0543019647
0543912316
0599605596
0599305596
0537455563
0242581114
0596806820
0246057677
0546211214
0544171740
0540829777
0535057804
+23342967708
0551155322
0248591038
+0244333237
0247648900
0504816408
0555321119
+233537712130
+233546494478
0246409035
0540853266
0595675127
0242920384
0539061111
+233243065322
0538118158
0558453253
0534848803
0556619570
0559920410
0549804540
+233243945181
0249365501
+233267780036
0542302107
0248760076
0240710510
0599318029
0531971916
0540561158
0243449888
0248821835
0539567558
0504382743
0246092790
0247924028
0245008520
0242839765
0245393589
0557521185
0202960116
+233537536426
0534625523



0243488581
538373836
0547691700
+233546126760
0545860998
0249756473
0554295086
0244837448
0536605221
0549000474
0546609771
0542456725
235353155
0543500909
0533247825
0246474543
0552598485
0541935416
0247840980
0558867542
0538193239
0545909543
0242081598
0202107311
0533099640
0548317738
0591469327
0591573318
0555562314
0547812465
0542402269
0554810206

0549163852
0245033714
0530980875
0552476048
0244800034
0541061306
0509104760
0548061039
0242223798
0547395862
0551647649
024177213
0249220841
0532760209
0555702584
+233558812139
0541471171
+233530598629
0244501182
0244521380
0592192737
0244248706
0244486235
0244237456
0245707487
0553899173
0598091093
0599648521
0537746190
0256605558
0544007816
+233544007816
0249331820
0245834573
+233546915322
0539074677
0241078693
0547513106
+233591188337
0558099188
0541030425
0537824966
0545478667
0556935250
0591335832
0243905524
0244356919
0248339863
0537260913
0538465554
0537752487
0545299157
0531400401
0241785347
0554913553
0542012490
0549635251
0541985312
0201100369
0249209686
0558517951
0537680064
0269215515
0538908962
+233248684861
0598023995
0269323175
0509351968
0509708518
0245690432
0247117713
0555054110
1234
0547276602
0535716567
+233548335425
0537576451
0545157588
0597417343
+233245289770
0247069562
0242933206
0546275903
0547337560
0557099675
0536303804
0204414448
+10543630489
+233548588777
0240260471
0204363273
0240243546
0531571859
0247177348
0553807294
0532718102
0531821845
0550580913
0242053125
0599446578
0546896956
0550893350
0240777762
0535033505
0536144207
0543228271
0551094677
0243611356
0534457743
0599305281
0546875483
0545257796
0541904802
0207446385
+233533024192

0268684792
0542101111
0532975118
+10547866434
0592666574
0556283595
0249575065
0550704744
0243767720
0532072788
0548936831
0547512859
0537429382
0543196606
+233209235899
0243119897
0549994513
0545915780
0535129845
0551753787
+233596677753
0549345417
0240499258
0534962799
0538748553
0504228075
0277543668
0597222590
0208144180
0543664300
0540387175
0535033160
0247742300
0556770464
0533531947
0246846168
0551609462
0551078822
0245958842
0591847924
0549543207
0546462340
0538185629
0245027203
0598009050
0537648541
0537282995
0241460579
0243055052
0591345973
+233244938211
024337579
0545339815
0246725096
0243727179
0244274009
0548620082
0242557192
0538124813
0550905391
0534502507
+233549752348
0592863187
0269452473
0535688823
0532585641
0557558483
0557523963
0244026573
0553351101
0597922503
0244777004
0248719258
0542721476
0245743526
0240475092
+233502716287
0540172520
0597003083
0552500078
0555317731
0539108566
0245121287
0244720948
0206333166
0243355983
0548271455
0507911595
0502127797
0532549021
0244748145
0249140507
0241428563
0208841254
0542393041
0241491440
+233203026944
+233242886164
0546988048
+233353161517
0598297283
0243268945
0542307055
0242758608
0598086789
0541713810
0243244206
245778722
+2330541817345
0532996565
0206194047
0206116374
0249994266
0542358055
0540361040
0555576779
0546600039
0241964508
0248059635
0243112597
0243549462
05945314
0594531492
+233211264536
05971263589
0240050563
+233533726939
0551472364
0547174818
0558137861
0243801682
+233536295270
0206606441
0243522072
0559931401
0559173359
+919612419455
+2330507832448
0555593392
0596171726
0248521717
0550368364
0246994907
0248411641
0533999060
0556356224
0541340715
0553733968
0540281663
+233544504628
0548582846
0532946726
0542712903
0532604751
0597997913
0557041211
+233241904294
0598111123
0598467848
0596845054
+233505978659
0242937970
0535090158
0244758619
0539227192
0553336017
0553085342
0546603688
0555749637
+233246094552
+233247237780
0551455181
0542878414
0209170409
245774116
0249333790
+233242746917
0243902031
0244153196
0557905331
+223537306934
0542272995
0241456846
0545341780
0548889980
0266281709
0558237968
0535834089
2342343432
2342343242343
324234234234324
234343242342
0246617006
0559088164
0554523653
0260185698
0249570135
0551612331
0243264820
0241564830
0595530113
0547674869
+233242882279
0244197335
053114133
0531844790
0533546314
0542323002
0555674384
0244644551
0548236232
0547335961
0553383612
556669160
0247828236
0248733935
0591743398
+233247190042
0547328831
0593422284
0241143735
0530919920
2332023930393
0555681837
+233552528002
241468053
0247552591
0558257888
0531605952
+233542986620
0593048411
0532076303

0542986620
0242771807
0537569332
0530650687
540604236
247084782
0245.993121
0547437176
0201034542
0541868451
0532895493
0247810955
0543467840
0545306963
0534632241
0240687285
0593711469
0538267092
0544823649
0245584141
0593942960
0556229692
0242908438
0245170428
0246414324
0243055607
0240165270
0244497461
02444497461
0596138789
0557416360
0599958910
0244839385
0257405147
0257479737
0557121817
+233240333233
0243156827
0532369874
0553671002
0558653644
0248994870
+233540811149
0247447221
0241979519
0247053016
000000
0244554417
0546603127
0555818118
0544681333
0536412762
0245550721
+233599171801
0242983286
0531293636
+233243732978
0240629459
+233550378330
0595992457
0534273436
0531606907
0556365511
0246771892
0508041228
0594273005
0533725704
0537929481
0539190823
0245559291
0553871059
0241219083
0247821980
0554125837
0247804976
+233247840349
0547413597
0203837211
0247650858
0592839788
0249714951
0535371882
0596270870
0537373795
0592667624
0599233219
0248284797
0205862355
0540658244
0596222053
0240996798
0599797487
0542567938
0262999221
2330559931106
0545390579
0533004604
0240673189
0543445739
+1230233588588
0544437648
0533364409
0242277722
0500971403
0202995310
0541049043
+233594977321
0540807481
0551270118
0242233247
0554165715
+233245352713
0557146665
0599949170
0540734654
0245425023
0598689207
0205451884
0257532660
0545021704
0532494234
0544630441
+233245351065
0248846187
0547927171
0246374313
0552832849
0245299111
0547936291
0539715151
0542329009
0244409555
0245935920
0548382226
0554251075
0556260891
0597378971
+233278896343
+233597378971
0597575342
0548862627
0595218799
0240342507
0248379244
558101325
0201044455
+233558101325
0246147969
05554590784
0248703814
0554639854
1234567
0591189381
0241159549
0557163809
0551458618
0243441940
0545105989
+233259510545
0532598618
0246313693
0243065134
0594788404
0248207922
0273441417
0547039395
556326881
0247889989
0596139349




0548070584
0209515487
0558427281
0547855886
0540833587
+233593711531
0532765853
0556326881
0557780118
0557338096
0592272772
0247610636
+233273479427
0556774501
0246390840
0248284147
0596234175
233556365511
0244418099
0544545418
0546879281
0546681547
0550654750
0543502942
0542866737
0556487854
0544660379
0249534865
0545587660
0242643003
+233509264275
0249092610
0240505913
0240920060
0539296089
0531501479
0552283700
0244544120
0547770452
0249657571
0554331135
+233245898822
+233209493889
0531820366
+233543420306
0557013434
0509477723
+2330594942634
0546568277
0558200770
0246375448
+233247546436
0533448811
0542274821
+233208683750
+233599352319
0537011394
0539740621
0240093511
0544011458
0245246530
0545634144
0546162756
0532643533
0552696596
0244503280
05340209047
05980555243
0552835098
0551551733
0240938928
0558703470
0509458251
0207117592
0244306855
0558099673
0556788373
+233318153411
0248449383
0598121512
+233544161361
0548849332
0523690732
0243153559
0546488311
0547381285
0546623972
0551421222
0537740534
0554414550
0249962949
+233209197420
0557889554
0243981919





0531143215
0554711180
0209525403
0531478174
0548576549
0204190327
0552131432
0596555070
0206747369
0594499737
0241419809
0530261840
0537103425
0244940961
0591143204
0558520707
233249448844
0243345451
0531443632
0240406714
0244060139
053117495
0243008628
0592304270
0509724191
+233246033511
0553392642
0552376853
0549087772
0548056310
550986366
0509125082
0244671363
0558298131
0241121355
233556554430
0533063275
0596396849
0552179771
0552146750
+233557651226
053116915
0533011681
0551423867
0597396347
0531235139
0257712602
0556239344
0242173756
0554242098
0592749024
0558222162
0557416075
550981391
0541282371
0249060207
0548208375
+233276055189
0540788614
0541643846
0555566348
0532683259
099000122
0539723586
0550347505
0240940476
0544728856
0575758109
0244867630
0553816683
0542123868
0542906644
0535916992
0556613397
0248908880
0244196343
0243325366
0249494567
0542838979
+233543191909
0245390747
0540353989
0597128043
0593372881
0539501227
+233274889901
0540168341
0599210760
0593903763
0548392898
0542923966
0277155008
0242971510
0547301675
0257616060
0548200397
0245998348
0551646806
0592339693
0241319248
0244697892
0595135418
0207651010
0505428762
0552163024
0558587347
0539617620
0545219949
0544990574


0537034277
0557335294
0242872204
0548223762
+233533810538
0554108103
0244623469
0243352589
0546038866
+233248270626
+233244942897
0556763582
0542336529
0537005112
0557705639
0559770480
0531414466
0533678117
0530892113
05386568380570020882
0242582520
0247233826
0247071183
0552177739
0555049362
0531000186
0591781877
0542101746
0246389235
0244822344
+2330241707395
0551377616
0538023040
0532391601
0244860523
0554070613
0531798945
0243375838
0548441691
0247928379
0551454621
0538455342
0535746805
0248014001
0502160861
0555829360
0248222322
0530738702
0545871161
0249015781
0541744422
0530660196
0533333735
0506455880
0535622545
0257407647
+233249559312
0550872639
0559250525
0542386177
2332045860133
0553322934
0553322934https://urofemin.xyz/lander/eremaxgh1/thankyou.php
0243626155
1133
0540749179
0242124717
0538816662
0205413544
+233542977259
0543271277
0240274226
0242129126
+233248707705
0534038162
0532669989
0543070993
0539193181
0599861122
0534004603
0549078677
0240122558
0240888046
0244862581
0592028611
0597952992
0556445258
0241386464
0548178012
0545774972
0247757513
0533455525
0554121738
0548718817
+233241536144
0249403047
0555303773
0536569701
0247232125
0506421533
0533569701
0532449391
0557409226
0541983424
0534463631
0207312987
0248140204
0247775055
0246655870
0591161356
0549447481
0547059017
0248349850
0257234393
0241711975
0548358012
0541716996
0545102945
0277086979
+233540706830
0541206274
0537259129
0555025422
0536193574
0534507689
+233555527935
0245304960
0244688350
0240731349
0533749068
0549390134
538743298
05386161711326039386
0241762711
+233240330284_
0246862099
0244102985
0553676445
0256798983
0557606968
0248854597
0540851399
0540952565
+233241432520
2330209393069
0249683655
0532702184



+233590968134
+2330249506164
0246033476
+233241393970
0551028985
0593953298
0550843962
0543634719
0542308786
0243725612
0540307597
0507025622
550988772
0598726277
0554926801
0501726034
0542360958
0245342140
0240261214
0272003468
0556914600
0538735696
0555539165
0599944910
0256367549
0244962329
0531740375
0242163034
0546852454
0545518149
0244548206
0245783384
0540703129
0244771267
0242654057
0245828070
0544103676
0549204386
0205806464
+233542131543
0549830503
0555540225
0597378978
0591188337
0532952655
0243661497
+233558865703
0531647285
0256520508
0256786832
0299234010
0599234010
0557585962
+233531428523
0537493566
0244068832
0240921011
0530425300
0559915064
0246109841
0248130321
+233545519372
0531500283
0543612105
0243219594
0536153639
0555591458
0545918206
0533371515
0558211750
0552283737
0539731544
0248739509
0262980723
0242114467
0249656786
0278072172
0256778866
0597255897
0537287144
0552116825
0249601802
0506349400
0546970557
261990789
0544801680
0244165408
0241260480
0247999910
0558783109
0547809738
0555015398
0541204000
+233247156163
0558096969
0553083183
0540614121
0243339996
0246135075
0530711343
0531256792
0559756436
0531443082
0242029341
0245900898
0246956217
0547399810
0531345705
0538741518
0240220184
0247522839
0243264208
0548650467
0241313661
0596439254
0247656351
0242661185
0538572728
0539701224
0541022434
0241302128
0555938563
0550953882
0598398881
0531359589
0533212062
0540656478
0533395321
0242030318
233243360914
+233532908810
0247534693
+2330543683337
0247793857
0550616799
0246681560
0530693614
0245261652
0598707132
0246465718
0541727995
0534084211
+233256978197
0543693938
0555073665
0530350001
0538308045
543502801
0599670429
0551509329
0554481269
0547277411
0272222230
0543410614
0598362760
0540597063
0254876925
0552206248
0245966791
+233532950241
0595916880
0241376968
0557132415
0544066802
0249618393
+233241205990
0549855833
0247247725
+233532672554
0545918121
0557302790
0242638381
+233594297557
0240637258
0249123459
02453044142
0545303169
0550609470
0543536050
0536000719
0536193491
0558606003
05502185
0550211815
0531452169
0558504240
0245302982
0244467099
0244089636
+233594868819
0591131205
0241696878
0532027308
0240588319
0248061531
0257019341
0248552605
2330244059072
+507452200
0546211024
0536833373
0534829300
0205471328
0249372158
0546491110
0557676171
0551119738
247991692
+233543166689
0538991373
0546914915
0244293007
0531287322
0597596527
0541384226
+2330246689091
053114461
0543013462
0257181791
0545588985
0243272686
0244599608
0556380163
0241528157
0246987345
0541516362
+233257283584
0537141083
0249165708
233249439170
0256412123
+233598892339
0244882778
0531573363
0536606719
0246796111
0247958865
0557998958
0558472587
+233248960370
####
0559142856
0244458154
0246696451
0547111922
0546874653
0542554467
0536122511
0553632055
0545059835
0534042157
+233534675871
0591295350
507158863
+233273871685
0245209876
0552629369
0249101029
0539652658
0248393739
0540775069
0249791731
0591735747
0246384208
0501298297
0548875778
0246314600
0207289116
+548672503
0539526123
0506976273
05599704759
0240949949
0244901409
0241519455
0240565291
0245867250
0266666006
+233273231617
0243421705
0240382579
0548515227
0506947636
0547481139
0244965278
0246368656
0246448113
0242102818
0206114953
0244272018
0268316513
0599244464

0209634421
0549559133
0548399318
0541090782
0244273281
0242258144
0200959517
0203025136
0543603076
0238348077
+233534663670
0535342687
+233550727860
0544118026
0596520218
0556515897
+233243597404
+233545579515
+233592844097
0269336457
233557469972
+233552912369
0530318556
0249794177
0505105810
0544686465
0206910120
0545639741
0593097593
0271757686
0540974284
0243082784AccraGhana
0593623530
+233240533895
0533808299
0249517052
0542451347
0533475401
0535927115
0599728765
0274793821
0241368222
0546251281
0247620336
+233240826904
0242180020
0538632036
0539572441
0557165878
+233543262219
0549456459
0242817646
0243131035
0509431870
0535898563
0505453200
0242713940
0595690604
+233597747162
0552747862
0500814912
0544764264
0591884220
+233547899218
0542859969
0558208433
0240138804
0597476129
0530255954
0596161350
0242845172
0595323738
+233597663540
+233546747588
+233267435502
0594088615
0530246249
+233263477018
0592617676
0507903172
0249238887
0547398182
+233247375621
0553717098
0542604293
0246497331
0535329388
0537458361
0543182235
0547276382
+33256510123
0243888390
0548425365
0535780892
0551719380
0245974478
0257083886
0542629290
0598732367
0544465274
0243736214
0245861738
0598918462
0592234008
0245905059
0247294771
0542497388
0241138054
0596041702
233548042257
0558793854
0540303546
0543084966
+233209298103
0537169748
0202470992
0598815333
0242441313
0537201929
0553370346
0243460639
0592729219
+233269916500
0205225564
0247585739
0248032988
0246750279
+233549764387
0279617100
0531635704
0599649506
0544565673
0557829895
+233599970362
0544467039
23432423423
233243453245
23423332
+233532423519
0245432803
0246539302
0556909281
0598721293
0242330745
0598179035
0244093676
0539850496
0538440915
0531636741
0535010435
0596840160
08132151836
0549397284
0245766885
0549843215
Callme
0534904656
0264276444
+0238831154
0558152382
0245370926
0244187062
0243031880
233243108605
598256625
0249630613
0536202231
0246223473
0274568839
0247108147
0243176337
0244951787
0249175546
0558516333
0597717771
0242965618
0552202267
0546846174
0545975148
0242914690
0541522574
0240884041
0272620226
0241342707
0241385027
0244553097
+10249308992
0244667336
0530657117
0535410498
+233553075578
0553952306
0246849902
0242262271
0206281650
0240875252
233200948847
0549562644
0546712071
0555504028
0595838784
0556678153
0555196164
508931496//0249647817
0533610433
0593406412
0541251905
0594418928
0555225524
0242680311
+233244777004
0547556602
0241250373
0553918215
+233240465288
0240465288
0274588182
0535462925
0544510282
0599321669
0248378038
0241554603
026152356
0559521659
0550791741
0243778302
0531171673
0234320398
0249534609
0558003084
+233550346002
+10245704988
0256683251
0248678283
0245261502
0544898967
0596014696
0201820759
0508016209
0247014102
0248080889
0591961040
0244679337
0539466923
0247559196
0273321506
0244246596
+233552454370
0240529018
234432423423
0547714311
0545176802
0535172946
0546633675
0241109011
0248692757
+233240068926
0242937729
0558458038
0243314613
0246953583
0244513789
0553909399
0547806684
0532055037
0243475471
0550995266
0507688135
0535449362
0243629251
0240490434
0542645211
0552505988
0234382790
+2330201378325
0532741632
0241344581
0242253388
0279448816
0243994193
0545952883
0558875818
0554372442
0243426992
0244127258
0557416059
0243967478
0598436894
0240170451
0207412186
05479242990533429809
0240520458
0242069244
0208106166
0534969793
0595783030
+233546786657
0542175284
0544683126
0554639054
0241576827
+233249278243
0554667532
0246681478
0599288523
0544723201
0591506153
0556430611
0548853470
0248654719
0248073496
0256515440
0266277292
0539101205
0245373136
0554481779
0556585556
0247667445
+233257601261
0249562002
0277662418
0256802459
0558405813
0596276274
0554139434
0208033539
0242247075
0243421638
0248608731
+233243923485
0246082817
0244878184
+233542048891
0597766594
+233535079125



0540969092
0544598123
0546387074
0508132280
0530229906
0599468217
0543996115
0256824948
0597660342
550385420
0257389071
0593804530
+233240488524
0241291771
0592551668
0548825411
+233574034271
0535135885
05646
0267300087
0542959532
0240218730
0500256794
0249502880
0539144594
0244903802
0537783869
0535041233
0592820035
0558750113
0244950712
0240234554
0540365656
0256502559
0534573288
0556126462
0538442912
0240787379
0591191090
0246732716
0244922129
0244927550
0245144792
0546249771
0542320167
0554647231
0544797626
0599214305
+233243836540
0553046695
0249655847
0247111543
024298087
0256843689
0248383949
0547405458
0246454450
+2330554402542
0508176229
0550662127
0545129639
+233533869678
0536310048
+233246865805
0530274700
0550684049
0244153955
0599702697
0551575038
0558172763
0532359452
0599922032
0544409102
0249078950
+233553261494
0244956451
+233531429420
0543066660
0557039201
247528131
0545494021
0592939384
0546234541
0543880144
0541527954
0240605605
+233248502545
0557850462
0247777321
0244802419
2244
0257401820
0557617287
0249015204
0249889331
0270661487
0549530416
0538927580
.................
0547927643

0247829133
+233592749580
0595806159
0243607566
0543009971
+551814142
0273265886
0244718920
0545053394
0257282204
0549787646
0593337212
0578731437
0539493014
+233549405191
0544999250
0554868653
0531972401
+233531972401
0592220140
0202645714
0540956361
+233242658421
0257132559
+10241708565
0269102287
0244856527
+233241879823
0248255552
0556769943
0244449496
0553294670
0536442260
0242775800
0594223602
0541652340
+2330555538802
0262666664
0257861495
0249497062
0555950236
0245027344
542094500
+233596861736
0547621419
0247535236
0548279017
+233273417012
0277819018
0240871649
0242972999
0536503945
0275325161
0555931268
0257017742
0541800393
0243152763
0244679110
0597210808
0556966364
0205125815
0242587381
+233587638517
0244848117
0549413057
0592806036
0534877872
0538061950
0244483120
0549657129
+233540904702
0245467444
0533783041
0535600761
0555509473
0243584716
0556191966
0545370592
0264866384
0550489067
0556552307
0551448832
+233544847951
0549842593
0553810596
0243978094
0555171429
0245291611
+243268945
0245200071
248293918
0544608468
0243488851
0596891313
0264866387
0241521347
+233240213731
0548807731
0205273913
0540419938
0594908466
0279324612
0598005162
0247711785
0245086595
0532562314
0534713638
0257260164
0577878068
0531595009
0542743705
0530872112
0542485096
0244836285
0530229199
0592502353
0557125376
0598456923
0533706723
0531156483
0545540186
0591017724
0242812885
0597085422
0546995646
0535130469
0240699357
0537601250
0249011802
+233248121735
0245614745
0552055790
0508022808
0572475800
0549523383
+233247146020
0555425450
0556749891
0536074326
0241943669
0240531285
0544589941
0247945865
0246699975
0246460022
0559786806
536604512
0245768376
0597215992
0205297493
0243360197
0257741505
0248902365
+233556904029
0550226570
0241955938
0535156710
0543261906
0244929123
0509814878
0596109926
0547567651
0548698194
0546843619
0542419009
0555969804
0203002903
0247879902
0557261525
0245020262
0245371437
0550202155
0243412467
0265532369
0242531382
0249135356
059638703
0596538703
0549782081
0594871536
0596252143
0574936842
0551092588
0542505573
0537814546
0241648249
0558280294
+233553246226
0541216284
550164321
+2330550164321
+233537732848
0248113010
0554787250
0556618258
0257947694
0245700053
0543577860
0555865467
0553150438
0531654507
0241099413
0555567970
0269695942
+233243958486
0551424652
0540658642
0243370500
0593698407
533866076
530643663
0243844942
0557816901
0554438200
0247896177
0550298775
0548301312
0556513739
0557466101
0549330709
0249005176
0243852259
0247782583
0247304050
0245549940
0554637297
0249461457
0279356211
0593725889
0240008432
0202861411
0508858342
0549036023
0244141717
0547934325
0554814560
0245065779
0247836847
0242815737
0591419790
0553044123
0242574413
244050616
+233531290724
0558825106
0591746673
0249937090






0246977853
0545527070
0559203098
0547435979
0245542096
0557410102
0545002184
0244872123
0549326709
0533905659
0537259809
0245025150
0247802849
0246313713
0550451316
0554043501
0548344376
0245494694
0246405635
0248855833
+233545536506
0597752760
+233557207171
0242090088
874451326
028947847
+00233594297590
+2330551244305
0244286550
+233535381604
0537405729
0241795471
0244520664
0247707089
0249686113
0542168927
0244066852
0572904452
0551481269
0535317639
0245189596
0538945389
0541534382
+233544878212
0249685761
0546637344
0551879340
0240973062
0244551844
0530608223
0547681215
0549126247
0542271979
+233598716092
+233243023934
0249374235
0248344322
0532562349
0243582393
0244511102
324433243224
0782104636
0655283998
0782167916
0540786303
0796453142
0779299462
0775290676
0662447918
0561914198
5512041
0656899187
0669796136
0696222542
0662309119
0540466892
0772004061
0671305548
0661542254
0778975326
0657165632
0774512297
0669129281
0776426420
0551080887
0796134170
5512097
0663323993
0550528881
0776807616
0672750512
0774403569
0671799747
0671529386
0660378031
0696061170
0662417933
0697409413
0657317689
0775585938
0697169425
0663.795674
0669397148
0550474887
19943030
0560232925
0661256086
0671704728
0793172740
0551896219
0666964753
0540722651
0771227423
05400669
0656889164
0696063858
0676946382
0772433207
0792207726
0792423865
0798921725
0550384784
0663192271
0673343327
0559471213
0669715168
0561199893
0672034546
+213560009505
0774812514
0783331387
0663832828
079958437
0676889824
0793284010
0772114898
0796247206
0656874680
0779965139
0550923709
0660916731
0770700717
0674338034
0552401506
0792735169
0674324110
0774472014
0696007980
0773364941
0552991608
0799584373
0776556781
0663518920
561631109
0554835049
+21333262658132698708231478978090666455364365388489
0660943094
0772389557
0792558485
0656831339
07925584885
0697883011
0780196997
0779335776
698777163
0696041109
0669317789
0665585974
0549301959
0793785926
0662503537
0783119818
0676525122
0783273224
0553213744
0667753528
0796297213
0676672650
0656873887
0669818311
0662355013
0668935129
0772023710
0663218548
213667303494*
0775191962
0550460270
0699885588
0542462655
0540819994
0555181260
0778049854
0541216410
0773334770
0673143436
0663668799
+22390843100
0657555120
0658535680
0669835495
0792542936
0671519970
0672113140
0557940783
0672042199
0772070646
0657826843
0774892464
0674034804
0676413730
0770453740
0664324026
0670003054
0672295469
0655770709
0560361080
0782452185
0696637984
0671531672
0656030238
0656802853
0697836132
0557337250
0660003595
0778737960
0797697877
0664602077,
0666888094
0551765452
0674702171
0664964201
0696171020
0698257832
0663185483
0698470765
0666357228
213675467623
0799790353
0663219319
0662099418
0540775146
0550437367
0672637052
0549076813
0666165585
0550298950
0665015613
0540860725
0667876440
0793236331
0782373829
0561125684
0771634329
0668023174
0791271927
0655281419
0657187600
0658800693
0673093358
0558608105
0660823404
0793995328
0552363532
0669328027
0658285594
0655626893
0550677339
0668882342
0779109016
+213676716457
0562407711
0672905786
0663177180
0675321159
0794487599
0661711797
0550581738
0777753544
0771548028
0666196097
0662362944
98566
0674290670
0558553601
0660317643
0670255508
0676535153
0562212729
0657761436
0558590433
0656435728
0775859632
0781597207
0672359385
0657171767
0550875966
0557312522
0553826794
0660307890
0696473577
0666248881
0555568977
0793437637
0665552451
0540817526
0655967831
0774269147
0556155552
0674745787
0670606702
0550880547
0775285382
0697345923
0663742927
0661342430
0556801494
0660430572
O550020106
0676614390
0696921010
0562262043
0557855040
0662172568
0662779877
+2130672259717
0770868127
44248810
0794819288
0798953308
0791353911
0668881801
0772710946
0555895681
0561360669
0770240101
0796609279
0779617527
0671198723
0540092296
0773961060
0664356308
00213540290922
0773427984
+663061440
0665830275
0661731835
0666958572
0663613389
0665231869
0658223058
0555419909
0656824315
0673487724
0696298775
0696830598
0782825494
772915097
0658584042
0551818084
553891921
0552971862
0664229284
0660147739
0776981132
0666724818
0660149508
0558603841
0794841542
0669430685
0794618305
0554562522
0550333706
213655416646
0668453704
0796604922
0771129813
0676473776
0549417955
0550605324
0698536716
0777967501
0672011076
0669427556
05508093470550809347
0779494801
0661652107
0559373021
0551024071
0551439720
0660433086
0794836083
0663958097
0552784663
0796162341
0773150127
+213663701836
0660587999
25222
0656921502
0774327601
0671074913
0782639795
0559267101
0553157746
0667909033
0697866847
0771299914
0664410291
0553828805
0672815303
mosesfabrice8@gmail.com
066351542
0660763223
0541004
0795504998
0675030669
0662883610
07925959358
0660434608
0541742136
0671347512
0773052530
0770551836
0773154659
0668460442
0795156082
0660215413
0776919768
0792105185
0674982251
0658299487
0668069718
12354456687
0660349383
0541291547
0776707567
0778598139
0656892816
0671906043
0552820281
0795219266
0670453231
0555250813
0557735080
078325397676
0670983636
0781212186
0660334848
0676773942
0771131396
0675242711
0666156679
0770500029
00231798258373
0666566596
0557125981
0555370986
0554280761
0773431256
0778445212
0773703224
0667029646
783077141
0796054611
0555211392
0671365995
0657791940
0674285900
0696020274
0794895382
0551467980
0662229846
0557273375
0795218778
0559411367
0560343094
0561606556
0663005331
0774585520
0777785797
0773619668
0551180902
0660708780
0662557771
0796749464
0672400513
0775298305
0667891502
0541732567
0555079508
0795083705
0655223158
0662181835
0781459956
0673929115
0771457592
0782433829
0772113672
0770975713
0659835433
+2130778134149
+33560602142
056148487856
0660869333
0666268764
0553521713
0794883956
0777591267
0775710536
0554282732
0770684678
0553510394
0675716381
0770196002
0667628488
0666920026
0778682020
0551690616
0662147624
0554968322
0771412426
0554208148
+22790099985
0662001998
0541523180
0667311982
0671797462
0797667553
0559889400
0672286349
0668170207
0674758355
0658645774
0778025465
0696694917
0673514609
0660534858
0555741486
065608115
0771154826
0656339724
0660850368
0666904233
0675515231
0778445378
0669955128
0698518044
0666436584
0797820185
0776111090
0662145356
0775242330
0665361535
0781255482
0771478711
0552401001
0662969950
0777131717
0662796050
0542080962
0658547547
0793879218
0697309083
0794605054
+2131528رقمالدركا
0665802074
0667390511
0554921275
0676651335
+213670801231
0659008652
0555030754
0550608549
0671549731
0665182757
0558265953
0672988750
0660127104
0674493398
0698375772
0662856541
07924762
0674013005
0655631805
0795822868
0558013407
0777381896
0659112223
0659213257
0774342230
0662072660
+213663964263
0770495985
0668884182
0658277610
0666644556
0550216063
0551774878
0668984417
0668465905
0549116950
0774778231
0560608417
0797550541
0675325328
0552371070
05508080343530386146
0550418597
0772645318
663418175
0770885799
0666101721
0771474648
0774981208
0673312661
0550782837
0676756725
0772049316
0662153397
0549253370
0540783019
0772018387
0550932084
0782071201
0541589939
0793268256
0798379113
0671263834
0660449583
0771499286
0661631260
0776954470
0562855605
0664248702
0561278189
0663784644
0550406096
0697648288
556225440
0663211152
0799687105
0675612619
0770879560
0770336645
069564759
0541733528
0668092642
0658396983
0670627419
0555190546
0550848026
0793740907
0552051711
0773017466
0541329169
0779525414
0669533342
0655891391
0540990855
0770295289
06494707
0782416606
0556573450
0793838069
0663770809
0671317045
0558313239
0664678191
0774987340
0662113361
0550557791
+213777631265
0661351961
0771155181
0779334533
0790393060
0555682503
0557432189
0696610085
0551258777
0697559307
0670611089
0658648275
0660420570
0664992292
0795357160
0663824100
0664419569
0772856391
+549253370
0674688068
0776955218
0671145141
0668820599
0660418177
0780582780
0792232857
0662934031
077320502
0555540396
0662296482
0670344662
0540524800
0673635415
0661460698
0550628075
0550202113
0798538116
0797175885
0554043301
0776385670
0771339290
0665699021
0660363143
0655763770
0775979573
0777348230
0699762316
0698427331
0561353188
0792184687
0795541331
0549415833
0662978853
0559567684
0662639249
0549081806
0660931894
0553735543
0555325874
0561581798
0660390060
0771125580
0775617772
0661780895
0774711892
0663814720
‏‪0798365261‬‏
0772986293
06722491777
0798653623
0658899812
0655272173
0550229992
0656894846
0796045089
0672744669
0656409904
0668518008
0561584605
0699386669
0797975663
0776452244
0551055386
0674817522
0770804065
0656831464
0676422352
0675550474
0776636442
0671075678
0656379135
0772744058
0776723317
213699902367
0670819417
0774433225
0781699678
0658161248
0771458202
0541048999
0777793049
0655301419
0670441872
0550955500
0773879809
0797776617
0778657737
0655176451
0779202588
0772380405
0770594282
0792568055
0551787109
+21372844891
0773659364
0655609771
0776180701
0777700479
0663315743
0778611316
0774665073
0772800976
0776133797
+2130794525231
0663118372
0676030302
0664213080
0674977895
0664576355
0661943226
0662139445
+213671491441
0661463944
0541976024
0698155435
0696054544
0552757762
0542003685
0779716067
0676902053
0794500169
0559671734
0662694613
0781291879
0793589341
0550461248
0773343448
0774189693
0772209700
0771025605
0561022133
0776807864
0673997550
0675819822
45,NAAS,k
0663209004
0666251476
0668891494
0667923501
0663320920
0657411822
0670921710
0554107106
0796021617
0656997015
0540029489
0541689314
0793694532
0542104693
0669611188
0660314220
0556816931
0674903187
0665858394
0669364394
776769292
0662677215
0792334177
0673628793
0556260422
0770448615
0559231206
0668783850
0771474720
0799796470
0655462083
0551417689
0696087683
0773478108
0554192977
+213672908142
0661841601
0559457756
0541235985
0674337257
0770255859
0777650910
0669220153
0659630158
0552748111
0662731508
0668112127
064947076
0662128169
0552633045
0552265802
0668135175
0671233961
0773116118
+2130542250302
0658420386
0770190868
0554072703
0559101469
0771448628
0771632020
0770105739
0657169174
0656940489
0799113504
0778200980
0656223645
0770382501
0670141380
0672061025
0665827581
0771092259
0770387505
0675059313
0550885148
0696468204
0656635246
0676051803
0556303738
0540258927
0550033681
213774175025
0791930845
0776611109
0771163571
655746292
0657508419
0656811581
0798228500
0673205802
0551668258
0670706834
0660333391
0553094006
0778795914
796956915
0556633389
0674079926
0696860817
0666097520
0771318890
0696309737
0659868241
0792797504
0772203476
+213779102728
0698092606
0771563765
0663814488
0660276257
0777248862
0556674117
0669393842
0562585664
0663250723
0666332415
+213557602557
0669325193
0662962668
0783819877
0770344947
0558242166
0660035796
06561287990672876712
0661398407
0662120032
0675145906
0776282597
888596074
0770317326
0658331856
0663853416
0778380581
0551143143
0699140196
077320723
+2130849190768
+2136670145622
0777402388
0671988072
0774876004
0671074737
0660492019
0799639897
0667180672
0667699325
0673771929
0665913754
0772639766
0781278820
0655282854
0552929985
0662564341
0771912894
0674073225
772590245
0556144196
0659494074
0550313504
0562084243
0670685082
0662877530
0556098536
0790256229
0669205724
0659535160
0657148292
0663108816
0553885913
0550569102
0540708232
0776116754
069688067
0778321161
0550217011
0696486110
0656958561
0671369604
0771534907
0698089929
0770744927
0663540620
0665818063
0559161343
0550608725
0667725607
0791079214
0541851757
0782027485
0655376882
0657184559
0798855314
0656581959
0668997464
0561982810
0656374127
0791208530
0792476290
0555595619
0661614
0796783312
555692483
0556184007
666445913
0656325941
0671466361
0664837796
0663103709
0771746961
0665116016
0778960299
0542977716
0660582603
0660878484
0783121437
0661973764
0655192377
0670609827
0550646203
0778838417
0672195746
0698295253
0770412536
0541238820
0661859124
0660428930
0655683935
0675116164
0657247482
0776020124
0671478334
0656039895
0663279829
0662136310
0666212439
0792549442
0668858538
0551314676
0696224789
0559088512
0773884747
0792699021
0772338882
0663748624
0550230257
0660395952
0770001103
0655716132
0670258731
0791481844
0772690571
0553879114
553658103
0666196007
0797010432
0783179356
0667753525
0658334508
0697942832
0551762489
0550534400
0696460297
0771432633
0662383896
0773922485
0772124161
0555623120
0669285880
0665757507
0781680740
0549098935
0771986118
0663539898
0558073874
0673635264
0773397716
0561677799
0773611603
0655805595
0696549203
0793614753
0561988299
0656321450
0791774852
0776337120
0659065496
0658393246
0660761883
0798573042
0792295840
0658885526
0774579228
0552867433
0672658584
0777160027
069642454
0555945055
0550468675
0540195075
213554681774
0671414925
0779095636
0660856683
0668810574
0696914384
0661184541
00213553792960
0549474284
00213676372980
0773272935
0663047040
0674746883
0792039632
0663591631
+2130779328672
0666938597
0771332950
0665538624
0771857876
0550782834
0770952700
0656372272
0793120599
+213660429870
0662146555
0552568188
0699752814
0670233201
0770327397
0781784193
0550880784
0662336914
0663343226
0559738525
0664562785
0674745514
0551543311
0772406884
0541028162
0796863151
0550527990
0080808080
0550387732
0674261847
0663496921
0555899335
0549573184
0672697732
0556384112
0660767547
0660057700
0558611597
0558661011
0664760502
0666844016
0664193363
0795807183
0671002484
0655044155
0699714929
0669268331
0666174086
0770326196
0552092763
0561172497
0696918175
0662002705
0781702095
0664392928
0660.16.16.59
0655622719
0772021943
0793326974
0771179115
0796107326
0656583748
0699025987
0658455151
0661500212
0775082226
0777768416
0672596418
0672387512
0699175920
0696867012
0675073586
0665415633
0562807808
0657305612
0672111919
0667956275
0781518439
0781640686
0670144318
0696011893
0639658213
0770737804
0783241024
0555641814
0672409694
0552903451
0670941414
0662955320
0772221702
0797723603
0554058905
0773262091
0669347007
0675621626
0658213714
0660497245
0776917716
0659935655
0664816336
0600000000000
0671317217
0777343434
0793240894
0776090509
666666
0670390730
0663223757
0658236555
0671894799
0541083043
0798512657
0550543023
0540364417
0666398546
0798428827
0794180440
0555976159
0795942661
0556966552
0779392316
0667301796
0655888426
0655161530
0791159080
0558563898
0666850397
0675114240
0679291420
0797402388
0557716257
0672441223
0770165226
0664713077
0770606606
0668819579
0550197100
0550437344
0559298745
+2130673696059
0770297360
0774568083
0662809878
0670764762
0665257148
0665173115
0770437392
3555804666
0771929548
0667326822
0771002651
0672680144
0551144154
0671190153
0668953177
0555256398
0553995401
0696928674
0675006451
0665952796
0662226221
0697624880
0668156906
0672403062
0776642938
0792504116
0668965608OmarHakim
0655373591
0674321285
0560600643
0698946195
0675568276
0660703790
0660425040
0674157637
0667199750
0552769772
0791505906
0770236688
0555397600
0655054526
0666084157
0794842956
0771109086
0660491054
0795522403+213
0553243238
0775629148
055078649
‎0658963001
0665599621
0561686498
0675272303
0780704600
0662673275
0661503094
0551650176
0770092390
0553668304
0668833857
0777053899
0665248299
0770786834
0770376384
0775381523
0550390784
0661383901
0559558063
0668711285
0555878382
0793522192
0771097472
0666580466
0556019057
0666410794
0540001220
0664760838
0665819279
0671174965
0554640379
0666407297
0022367600253
0674902680
0559180209
0663820765
0671312159
0541671062
0676829266
0553606849
0699907303
0659522611
0665843551
0666619892
0795851953
0656422972
0794827256
0799138890
0663639146
0562548663
0673031163
0540838882
0669193919
0660331968
0772435036
0672903962
0663610877
0556542522
0669220473
0670346379
0658938654
0663177316
0663511132
0666387417
0665949364
0657612569
0699836131
0795960862
0668245765
0782049861
0672224826
0792780861
0668969508
0660122655
0698000638
0660074605
0555682628
0666878846
0555171138
0798709930
555274237
0794537121
0551935005
0794285956
0672513543
0558818424
099312549
0558812526
0770312991
0557574003
0670780774
0671308127
0551819313
0540852586
0771654382
066665538996
0772578362
0794037604
0797489836
0668939838
0551909613
0549568304
0775916231
0699981053
9970985606
0776501389
0770690375
0776775601
0662061772
0667545774
0781825673
0668608357
0666821451
0656222330
0671134068
0664134579
0674272642
0663717342
0775814309
0778659997
0557383162
0673983182
0773085420
0540544712
0553038720
0770741559
0553628841
0672924313
0553956361
0665747070
0671558809
0671525035
0696200699
0670286664
0657888116
0556558242
0676006875
0661210048
0673628538
0556919994
0697911984
0657260021
0666585507
0553188158
0778235586
0665581462
0673301290
0794236298
0550460569
0772926293
0549837893
0797778565
0559037988
0561772849
0542755101
0556442050
+21391391605
0777659756
0794477670
0540233608
0671926810
+2130657158291
0779815829
0662732759
0775848141
0661652022
0782776210
0655842701
0667740935
0559746664
0550611570
0771362120
0660943520
0658834108
055310
0770697992
0781244022
0797908585
0664797178
00055422535
0666859881
0662417937
0658478473
0656663471
0552237681
0668375563
0796251306
0676699326
0672383936
0555886235
0770500201
0674824946
0559942241
21373882046
0778155167
0657737372
0791191257
+213658513736
0772890208
0662367602
0773079492
0796428865
0699592177
0782532410
0656023396
0668680700
06722321289
0540661748
+213658289005
0797323139
0698867894
0697177675
0770200941
0660682993
0797636469
0774903886
0661145735
0663385849
0552351131
0659260052
0656044570
0793998891
0662991586
0667772098
0672648905
0669980584
0771420123
0781225187
+213770936992
0657459208
0770192819
0668515647
0674307931
0658357558
234234323424
0540492295
661115234
795613541+213
0664370571
0675745754
0699683657
0557033150
0655623173
0672499299
0668691119
0568563325
0674279415
0675406208
0658458950
0658555837
0798543760
0553211798
0793294208
0774779306
0674172613
0696074907
0669695414
0550592292
0666347561
0540430099
0791749019
0661780719
0665080900
0794640803
0699293041
0553175065
0663252264
0655968787
0559757421
213667703770
0699051894
0656826289
0795836187
0656753967
0663427442
0550383490
0662244823
0674191902
0770457249
0771955882
0773466002
0671958527
0773788572
0669650825
0666247196
0797968094
0541606957
0781477673
0550724611
0791918738
0673399932
0665964955
0676093590
0671114045
0557183231
0672526396
0771585746
0770998211
0794838509
0698458495
558089851
0670693070
0675000242
0795648448
0791190602
077941651
0656218386
0663327759
0541333005
0666513205
0549518595
0668246587
0551163133
0771360520
0542231075
0697807310
0557502228
0779942021
0549166853
0559658414
0655279617
0550376269
0657259897
0699601401
0663280891
0794768767354
+213663670496
0550620693
0672800449
0561109247
0674268939
0670672666
0655356545
0658745101
0558216662
0671741540
0696569089
0550078286
0552958450
0783411981
0672779080
0671818288
+213656240777
0672141280
0698994059
0670630394
0782604860
0796120125
0540523576
0552830990
0777755240
0770964138
0797668275
0542803868
0655389021
0696590682
0781242627
0697953495
0667134025
0796737306
0797719736
0771382603
0550155990
0551839026
0775023606
0673933608
0663187039
0674806900
0791356904
0675459450
0779260965
0669580229
0555087213
0665515208
0663819896
0793567071
0671028134
0775318380
0792207756
0541683798
0550143635
0676988467
0774048853
0779084966
0557084580
0770150679
0674188293
0776486162
0660942276
0551692252
0671333956
0697174309
0661358897
0549370135
0665896461
0771223252
0770744035
0671897782
0551428505
0791739050
0656494802
0552939546
0664774159
0663981797
0699979623
0665631482
0697731201
0771372351
0552912294
88753
0557336875
0666540757
0658861300
0664436971
0671067958
0798450548
0665873764
0792637691
0674008258
0555342589
0666442675
0554077188
0556522384
07972278390783262965
0770292954
0778224650
0550599544
0555409780
0673808023
0541307418
0658096829
0666816825
0668521426
0673511414
0555941128
0661474703
0554994640
0661522113
0772351454
0540332083
0672051712
0655651562
0662742832
.99999........................9...............................................................................................................................................................................................................................................................................................................................
0551529795
06616790293
0665820599
+2130553839713
0696448107
0778696634
0664904252
0667904252
0774123064
0662767859
213550273794
0660404330
0783271398
0674896063
0675598425
0671947997
0556087386
0771268911
0666922010
0671143633
077886027#
0555678115
0668365078
0550227450
0672951517
0770246208
+213655283998
0697200248
0560970330
0658921792
0666615956
066625845
0666258459
0895236999
0664490231
0659229852
0676760642
0554251650
0660337892
0542104696
0672910702
0659224499
0698146095
0796475084
0540433248
0673712574
797773859
0550116760
0662195731
0669485112
0698820589
0557891062
0779052949
3214589
0659587480
0663301493
0676966556
0771154854
0559384919
0553146522
0657334717
0553572228
0792613971
0552994087
9508480481
0558456675
rouabehsalah47@gmail.com
559472691
0665849190
0797131695
0556430207
0792063069
0674585472
0662529508
0797446481
0675380926
0666780823
0675778190
0655084183
0793447831
0555940903
0559271884
0771899659
0771682083
0689254698
0556459231
0675844924
0562314424
0770711728
0663216651
0550667422
0771362020
+213561382986
0772832386
0792258941
0776019722
0799307086
0665026708
0662079261
0794391579
0668155645
0775874626
0549715730
0770621349
0556496113
0668316688
0676416881
0667520566
0660460207
0664312922
0659690251
0550569294
0672105612
0775736068
0550509407
0772218213
0558207496
0668050469
0775481448
0661236153
0663424653
0672881439
0795640236
0556460138
0673862909
0776068923
0550264092
0774618201
05517889953
71,N,N,,,
0555716015
0675549158
0554256163
0671897063
0671029840
221,N+,N+,
0696532701
0663185515
0795250347
0552397807
0655893775
0674942920
0665832976
0771212774
0663631926
0559881914
0551102755
0782848681
0666575985
0668880145
0562029559
0673634888
0772922802
0776465157
066250966868885
0550443686
0664981521
0669304110
0667284042
0671579079
0697000682
0776552117
0779713032
0669085126
0676857762
0799767139
0554392889
0655411966
0561104939
0542917569
0774069215
0542.06.16.35
0552888118
0661620070
0778150070
0655568810
0553278897
0674656529
0557591918
0699107321
0550746102
0661781338
0550150032
0657179925
0554736154
055474422200
0772197019
0775667765
0656828285
0676088855
0668961884
0696219157
0560703038
0666488854
0660939859
0697069445
0662125383
0661619799
0668089033
0792780775
05555555
08555
0673315479
0779982108
556960444
0770281172
+213782716061
0551367753
0674339221
0772729342
0797819993
0664361328
0676931913
0665043305
0550295265
0662960998
0662197105
0775152624
0772171892
0663478371
0662563220
0558108281
07823777523
0798683039
0668964013
0658277026
.666
0560395792
075219628
0675141043
0660891508
0656464645
0671005404
78450143
0665031560
0550302579
0542207439
+213550431942
0671948485
2804183466808
0774250744
0551653423
0663827144
0659604520
0776806268
0675861707
0775075381
0561105860
0662133514
30041968
0550886492
0673102471
0549815370
34324324234234
0775739340
0668819657
0771444942
0667237248
0799916230
0659970811
0696008420
0562849190
0799578863
0664733762
0661860492
0670469933
0675554125
0655355035
0672239053
0795298911
0553482025
0773414537
0664492547
0663421765
0665045059
0663425282
0797248737
0795485157
0795957050
0658643044
0660079102
0662168837
0550565095
O457698422
+2130674721522
0773707226
0550017933
0671347817
+213697267689
0773757613
0562894234
07753876862
0770513391
0668364568
0660421960
0659115413
0770437692
0663542574
0560908056
0661312348
0663391587
0668791632
0540768939
0557515723
05591042826
0773879756
0777514465
0665153060
0771184738
0661380180
0666716841
0697614302
0771799938
0791863682
0656374172
0562603505
0559292031
0660469229
0697337222
0556676241
0770760153
0771955047
0666187409
0771112516
0676666836
0723242079
0770322959
0662417631
0774991429
0771910859
992919
0699832008
0771544714
0673950487
0661273362
0794262907
+655559631
0659214546
0772950133
0696253606
0560894204
0671596360
0776604814
0656859141
0662159262
0662796075
0771053005
0553236169
0661992691
0777782925
0795070958
0770815561
0671109562
0666554317
0774125790
0771027833
0698.15.15.55
0794594208
0792554327
0550419935
0551172880
0741896325
0661450231
0661612196
0550558856
0792970209
0770995704
0793592138
213551767402
0541593312
0661539363
0666441333
0656061426
DZ0790509455
0795760130
0792985407
0666161200
0559512359
0669777191
0659093006
0797486663
0553175263
0665656144
0792356796
0655344575
0663080365
0668626593
0549105865
0672810826
0542933121
0550458766
33658455012
0795305750
0555243824
0666970249
0696509781
0771613873
068505820
0666835204
0671704900
+213551668344
0666149306
+2130660920685
0779951820
0792788401
0552260016
0772149616
0550023539
0778330916
0772397808
0659836029
0696333521
0777988003
0558670528
0771981678
0661584884
0777615658
0542006383
0560020027
0660133514
0661350034
0796719041
0777131736
0550780909
0550270571
0672470326
0676530266
0770897727
0774447357
0797525073
0697139204
0665108229
0561688107
0553572080
0560887111
0661207175
0555594142
0550910005
0699070229
0553787712
0667174437
0792255467
0697240478
0776696620
0516186960
+213655150854
0797346178
0794946392
0666198372
0668569515
0542108764
0667957451
0676491582
+213668609005
0550171301
0660841286
0676306923
0667601362
0551759804
055252590
0771114462
0656259516
0661601650
0561654753
0663466085
0551469111
0772854145
0662769072
0773121509
+213797492936
0661270480
0660212665
0674862887
0667756946
0675234975
0561250814
0798679259
0552112437
0555027276
0662270252
0660438645
0542540796
0663589741
0776438413
0773035692
0558412118
0660865893
0669760669
2130542690427
0556036716
0659500729
+2130669581095
0657587580
0795102225
0666879623
0555933614
0675291749
0770812608
0556550078
0665531322
0550719872
0797917184
6666663
0666201228
0550732622
0771720845
2130552221926
0561050145
0774189332
0557269488
+213698867894
0662182538
0795770215
0550960519
0560063741
0668690279
0676779333
0775915171
0658639937
0674836769
0778827377
0558970265
0550233895
0664974941
0664169535
0774938066
0661232433
0549460201
0661300308
213772546310
0696880997
0698659349
0555485889
0541765206
0657625192
554558997
0671569504
0671351435
0661571751
0660417690
0661276357
،05608237499
05425958,24
0550509051
0557109604
665253631
0798301099
0794682840
0772362765
0542144152
0777508056
0770173776
0553369142
0791581203
0550535972
0553070184
0553095544
0552112837
667387238
0777597641
0556555706
0771577463
0657358053
0773109528
06,73,11,70,03
0671074914
0555095171
066681856
0779785072
0659654130
0666716643
213771942764
0777715195
0773482418
0794385233
0697636380
0550058053
0662484812
0782982607
0665662776
0659967105
0779796363
0780683645
0541687624
0553886130
0697202048
0550916576
0770925244
0553685420
0783306882
0775477249
0773030033
668257762
0559394430
0776453412
0658592522
0669285924
0662518603
0798787983
0542749590
0676046087
0791651583
0554698954
0561501265
0551129727
0660151694
0656582577
0797412210
0676085139
24541
0793863375
0661602912
0554273543
0552520103
0658230019
0673928133
0793088843
06633218790663321879
0669477030
0659926352
0668080139
0665698154
0663740036
05552484230
0551623232
0557938046
0560831157
0675317370
0666205741
+213554939421
0550471456
0675115168
0674125075
0778487294
0556864118
0676725884
1234567890
0772952425
0697777852
0790192406
0550776417
0778064708
0662162812
0555335127
0773270306
069770270
0551175428
+213696834201
0770744968
0541421405
0675014037
0794627468
0774758813
+21397937932
0655283323
0697254317
0669439147
0550271311
0657523426
0775763139
0671499283
0777528462
0666495042
0557971275
0672077966
0542754310
0674719989
0550543880
0699896293
0770701394
0667079787
0662057730
0665847748
0557533739
0661556627
0772950763
0660760295
0666472108
0675829054
0665480392
0665161479
0675988300
699643197
0777054361,
0661384205
07716101875434
0550272742
0697703980
0667855952
0770882619
0661754223
0776300934
0772751422
0662076770
0660972632
0774214366
0663919690
0558054877
0655670059
0675655697
0799062003
0770811542
0541/62/95/16
0791086059
0658297680
0673875102
0556999336
+2130661367772
0668823179
0780800593
0662776407
0770653446
0540031743
06326685
0559293717
0022324208940
0676122812
0550166983
0550897353
0559531906
0550765300
0775219503
0542780504
0655097370
069772721
0778059443
009999999999999999
0779429344
0663380677
0541768189
0541358489
0775480357
0773474828
0777595959
0555257193
0665615523
0672909529
0665526152
0670328102
0669665288
0794472844
0554049417
0663464487
0550393685
0664070007
0783410420
0772989454
0664044073
0560442455
0664467667
0660407031
0698055274
0792607407
655984455
0670123681
0770662242
0664653745
0666133050
0795504934
0559704421
0659343909
0676541052
0796097491
0549990184
0655467837
0660136743
0550284974
0772245117
0795225661
0770926244
0697630811
0663751405
0674311240
0770519156
0667307974
0775297909
0540390690
0021236598745
0669195799
0660432543
54546466493987156364544010
0664523844
0668470972
0558116656
0558652846
0666823352
213663056226
0667920817
0552473993
07885236521
0662672783
0671319329
0550345060
0542156933
0773821146
0770776057
0666830900
06583871
0660902342
0559111500
0554167907
0662431192
0789798361
0798798361
0771553251
0561733205
0771283665
0671013673
0668016864
0562880397
0661555551
0560099945
0550402784
0657692429
0776447231
0770289036
0560961172
067619228
0773436893
0770449910
0794552541
0669334423
0674101155
0772325459
0663056226
0696661166
0541610786
0665927203
0561375892
065680283
0770235197
0662397778
0555058859
2356846697
0771718444
0661101762
0665513228
0669857422
0656402768
0660484200
0791634391
0673605120
0673335688
0658766321
0661973407
0775856036
0665820388
06645167
0780502589
0659526898
0664827217
0667636267
0771809681
0792582208
0674128949
0799010861
0664590677
0665380613
0797988681
0782220652
+21362812078
0556122196
067104824300#067104824300
0553359932
0550603209
033806264
0665682103
0662503890
0671697940
0797386001
0550010966
0771970162
+213770370149
0771475913
0675242429
0659355747
0775170341
0782954374
0697475636
662317373
0799323854
0558609990
0773980065
0669159649
0795547030
0661160170
0790369007
0776635706
0676342244
0663325443
+33661513925
0671267905
0658352300
0698708398
213672938293
0771626557
0664720935
0772534727
0656034802
0559594044
0660835526
0540760138
0773824071
0551423171
0660364632
0540913005
0663573514
0661508733
+213784403031
0675999922
0778679170
0781407538
0770138914
0552552611
0542161227
0663363974
0550295177
0655917043
0660441891
0656509793
0550599091
0666537214
0555936049
+213782723012
+10662904512
0588216358
0659382120
0697979723
0553242382
05.41.49.33.45
0697654095
0660330269
0698622833
0669926658
0557891314
0779089632
0655065291
0549211062
0661304464
0550826983
213.770.442.833
00213816130048
0777698629
0561605062
0791618182
0661231717
0776975471
0663873569
0555056692
0670772599
+213553116458
0667704037
0559923834
0553015857
0672218700
0667706411
+213740053974
054927830
0672628970
0662400915
+213770505235
0794598151
0557596566
0667938348
0770942803
0550328713
0791026620
0770128687
0557795646
0698763306
0556041023
0671506358
0671552492
0553527524
0772457361الف
0896449667
0550995948
0775333150
0793545937
